<?xml version="1.0" encoding="UTF-8"?>
<!-- Generated by org.testng.reporters.JUnitXMLReporter -->
<testsuite hostname="LAPTOP-C9MSPJV0" name="Test" tests="10" failures="0" timestamp="17 Mar 2020 08:58:15 GMT" time="118.624" errors="0">
  <testcase name="loginPrdPg" time="1.887" classname="testCases.ValidateNavigateProductsFlow"/>
  <testcase name="loginWrongUser" time="0.23" classname="testCases.ValidateNavigateProductsFlow"/>
  <testcase name="logoutPrdPg" time="1.629" classname="testCases.ValidateNavigateProductsFlow"/>
  <testcase name="navigatetoShopCarPage" time="1.872" classname="testCases.ValidateNavigateShopingCar"/>
  <testcase name="selectMutipleProducts" time="6.312" classname="testCases.ValidateNavigateShopingCar"/>
  <testcase name="selectOneProduct" time="1.433" classname="testCases.ValidateNavigateShopingCar"/>
  <testcase name="verifyErrorMessage" time="1.78" classname="testCases.ValidateNavigateYourInformation"/>
  <testcase name="verifyOverViewPage" time="2.301" classname="testCases.ValidateNavigateYourInformation"/>
  <testcase name="verifyFinishPage" time="1.935" classname="testCases.ValidateNavigateOverView"/>
  <testcase name="verifyOverViewPage" time="1.817" classname="testCases.ValidateNavigateOverView"/>
</testsuite> <!-- Test -->
