<?xml version="1.0" encoding="UTF-8"?>
<!-- Generated by org.testng.reporters.JUnitXMLReporter -->
<testsuite hostname="LAPTOP-C9MSPJV0" name="Test" tests="10" failures="0" timestamp="18 Mar 2020 04:25:46 GMT" time="157.05" errors="0">
  <testcase name="loginPrdPg" time="2.057" classname="testCases.ValidateNavigateProductsFlow"/>
  <testcase name="loginWrongUser" time="0.356" classname="testCases.ValidateNavigateProductsFlow"/>
  <testcase name="logoutPrdPg" time="2.462" classname="testCases.ValidateNavigateProductsFlow"/>
  <testcase name="navigatetoShopCarPage" time="2.37" classname="testCases.ValidateNavigateShopingCar"/>
  <testcase name="selectMutipleProducts" time="7.226" classname="testCases.ValidateNavigateShopingCar"/>
  <testcase name="selectOneProduct" time="2.265" classname="testCases.ValidateNavigateShopingCar"/>
  <testcase name="verifyErrorMessage" time="3.26" classname="testCases.ValidateNavigateYourInformation"/>
  <testcase name="verifyOverViewPage" time="8.997" classname="testCases.ValidateNavigateYourInformation"/>
  <testcase name="verifyFinishPage" time="4.866" classname="testCases.ValidateNavigateOverView"/>
  <testcase name="verifyOverViewPage" time="4.375" classname="testCases.ValidateNavigateOverView"/>
</testsuite> <!-- Test -->
