<?xml version="1.0" encoding="UTF-8"?>
<testng-results skipped="0" failed="0" total="1" passed="1">
  <reporter-output>
  </reporter-output>
  <suite name="Default suite" duration-ms="12920" started-at="2020-03-18T04:26:28Z" finished-at="2020-03-18T04:26:41Z">
    <groups>
    </groups>
    <test name="Default test" duration-ms="12920" started-at="2020-03-18T04:26:28Z" finished-at="2020-03-18T04:26:41Z">
      <class name="testCases.ValidateNavigateProductsFlow">
        <test-method status="PASS" signature="initialize()[pri:0, instance:testCases.ValidateNavigateProductsFlow@7cf10a6f]" name="initialize" is-config="true" duration-ms="11168" started-at="2020-03-17T22:26:28Z" finished-at="2020-03-17T22:26:39Z">
          <reporter-output>
          </reporter-output>
        </test-method> <!-- initialize -->
        <test-method status="PASS" signature="logoutPrdPg(java.lang.String, java.lang.String)[pri:0, instance:testCases.ValidateNavigateProductsFlow@7cf10a6f]" name="logoutPrdPg" duration-ms="1727" started-at="2020-03-17T22:26:39Z" data-provider="authenticationData" finished-at="2020-03-17T22:26:41Z">
          <params>
            <param index="0">
              <value>
                <![CDATA[standard_user]]>
              </value>
            </param>
            <param index="1">
              <value>
                <![CDATA[secret_sauce]]>
              </value>
            </param>
          </params>
          <reporter-output>
          </reporter-output>
        </test-method> <!-- logoutPrdPg -->
        <test-method status="PASS" signature="close()[pri:0, instance:testCases.ValidateNavigateProductsFlow@7cf10a6f]" name="close" is-config="true" duration-ms="1" started-at="2020-03-17T22:26:41Z" finished-at="2020-03-17T22:26:41Z">
          <reporter-output>
          </reporter-output>
        </test-method> <!-- close -->
      </class> <!-- testCases.ValidateNavigateProductsFlow -->
    </test> <!-- Default test -->
  </suite> <!-- Default suite -->
</testng-results>
